#
# There is insufficient memory for the Java Runtime Environment to continue.
# Native memory allocation (mmap) failed to map 132120576 bytes for G1 virtual space
# Possible reasons:
#   The system is out of physical RAM or swap space
#   The process is running with CompressedOops enabled, and the Java Heap may be blocking the growth of the native heap
# Possible solutions:
#   Reduce memory load on the system
#   Increase physical memory or swap space
#   Check if swap backing store is full
#   Decrease Java heap size (-Xmx/-Xms)
#   Decrease number of Java threads
#   Decrease Java thread stack sizes (-Xss)
#   Set larger code cache with -XX:ReservedCodeCacheSize=
#   JVM is running with Unscaled Compressed Oops mode in which the Java heap is
#     placed in the first 4GB address space. The Java Heap base address is the
#     maximum limit for the native heap growth. Please use -XX:HeapBaseMinAddress
#     to set the Java Heap base and to place the Java Heap above 4GB virtual address.
# This output file may be truncated or incomplete.
#
#  Out of Memory Error (os_windows.cpp:3829), pid=24068, tid=1776
#
# JRE version:  (17.0.8.1+7) (build )
# Java VM: OpenJDK 64-Bit Server VM (17.0.8.1+7-b1000.32, mixed mode, sharing, tiered, compressed oops, compressed class ptrs, g1 gc, windows-amd64)
# No core dump will be written. Minidumps are not enabled by default on client versions of Windows
#

---------------  S U M M A R Y ------------

Command Line: git4idea.http.GitAskPassApp Username for 'https://github.com': 

Host: Intel(R) Core(TM) i5-8265U CPU @ 1.60GHz, 8 cores, 7G,  Windows 10 , 64 bit Build 19041 (10.0.19041.3636)
Time: Mon Apr  8 14:53:44 2024  Windows 10 , 64 bit Build 19041 (10.0.19041.3636) elapsed time: 0.050698 seconds (0d 0h 0m 0s)

---------------  T H R E A D  ---------------

Current thread (0x0000027997a4e2a0):  JavaThread "Unknown thread" [_thread_in_vm, id=1776, stack(0x000000b8a9d00000,0x000000b8a9e00000)]

Stack: [0x000000b8a9d00000,0x000000b8a9e00000]
Native frames: (J=compiled Java code, j=interpreted, Vv=VM code, C=native code)
V  [jvm.dll+0x6852da]
V  [jvm.dll+0x844c84]
V  [jvm.dll+0x84659e]
V  [jvm.dll+0x846c03]
V  [jvm.dll+0x24b7cf]
V  [jvm.dll+0x682049]
V  [jvm.dll+0x67671a]
V  [jvm.dll+0x30be2b]
V  [jvm.dll+0x3132d6]
V  [jvm.dll+0x36302e]
V  [jvm.dll+0x36325f]
V  [jvm.dll+0x2e1f48]
V  [jvm.dll+0x2e2eb4]
V  [jvm.dll+0x815c11]
V  [jvm.dll+0x370df1]
V  [jvm.dll+0x7f4fdc]
V  [jvm.dll+0x3f3f1f]
V  [jvm.dll+0x3f5b31]
C  [jli.dll+0x528f]
C  [ucrtbase.dll+0x21bb2]
C  [KERNEL32.DLL+0x17344]
C  [ntdll.dll+0x526b1]


---------------  P R O C E S S  ---------------

Threads class SMR info:
_java_thread_list=0x00007ffe475c00d8, length=0, elements={
}

Java Threads: ( => current thread )

Other Threads:
  0x0000027997aab2e0 GCTaskThread "GC Thread#0" [stack: 0x000000b8a9e00000,0x000000b8a9f00000] [id=10096]
  0x0000027997abbe40 ConcurrentGCThread "G1 Main Marker" [stack: 0x000000b8a9f00000,0x000000b8aa000000] [id=23348]
  0x0000027997abc850 ConcurrentGCThread "G1 Conc#0" [stack: 0x000000b8aa000000,0x000000b8aa100000] [id=12452]

[error occurred during error reporting (printing all threads), id 0xc0000005, EXCEPTION_ACCESS_VIOLATION (0xc0000005) at pc=0x00007ffe46d72ab7]

VM state: not at safepoint (not fully initialized)

VM Mutex/Monitor currently owned by a thread:  ([mutex/lock_event])
[0x0000027997a49190] Heap_lock - owner thread: 0x0000027997a4e2a0

Heap address: 0x0000000082000000, size: 2016 MB, Compressed Oops mode: 32-bit

CDS archive(s) mapped at: [0x0000000000000000-0x0000000000000000-0x0000000000000000), size 0, SharedBaseAddress: 0x0000000800000000, ArchiveRelocationMode: 1.
Narrow klass base: 0x0000000000000000, Narrow klass shift: 0, Narrow klass range: 0x0

GC Precious Log:
<Empty>

Heap:
 garbage-first heap   total 0K, used 0K [0x0000000082000000, 0x0000000100000000)
  region size 1024K, 0 young (0K), 0 survivors (0K)
 Metaspace       used 0K, committed 0K, reserved 0K
  class space    used 0K, committed 0K, reserved 0K

Heap Regions: E=young(eden), S=young(survivor), O=old, HS=humongous(starts), HC=humongous(continues), CS=collection set, F=free, OA=open archive, CA=closed archive, TAMS=top-at-mark-start (previous, next)

Card table byte_map: [0x00000279aa8e0000,0x00000279aacd0000] _byte_map_base: 0x00000279aa4d0000

Marking Bits (Prev, Next): (CMBitMap*) 0x0000027997aab900, (CMBitMap*) 0x0000027997aab940
 Prev Bits: [0x00000279ab0c0000, 0x00000279ad040000)
 Next Bits: [0x00000279ad040000, 0x00000279aefc0000)

GC Heap History (0 events):
No events

Dll operation events (1 events):
Event: 0.020 Loaded shared library D:\IDEA\IntelliJ IDEA 2023.2.3\jbr\bin\java.dll

Deoptimization events (0 events):
No events

Classes unloaded (0 events):
No events

Classes redefined (0 events):
No events

Internal exceptions (0 events):
No events

VM Operations (0 events):
No events

Events (0 events):
No events


Dynamic libraries:
0x00007ff6245d0000 - 0x00007ff6245da000 	D:\IDEA\IntelliJ IDEA 2023.2.3\jbr\bin\java.exe
0x00007ffebd170000 - 0x00007ffebd368000 	C:\windows\SYSTEM32\ntdll.dll
0x00007ffebd070000 - 0x00007ffebd12d000 	C:\windows\System32\KERNEL32.DLL
0x00007ffebaaf0000 - 0x00007ffebade6000 	C:\windows\System32\KERNELBASE.dll
0x00007ffe8c3d0000 - 0x00007ffe8c3f4000 	C:\windows\System32\ghijt64win10.dll
0x00007ffebbad0000 - 0x00007ffebbb83000 	C:\windows\System32\ADVAPI32.dll
0x00007ffebbb90000 - 0x00007ffebbc2e000 	C:\windows\System32\msvcrt.dll
0x00007ffebb7d0000 - 0x00007ffebb86f000 	C:\windows\System32\sechost.dll
0x00007ffebbc40000 - 0x00007ffebbd66000 	C:\windows\System32\RPCRT4.dll
0x00007ffebb080000 - 0x00007ffebb0a7000 	C:\windows\System32\bcrypt.dll
0x00007ffebb0b0000 - 0x00007ffebb1b0000 	C:\windows\System32\ucrtbase.dll
0x00007ffeb6130000 - 0x00007ffeb614b000 	D:\IDEA\IntelliJ IDEA 2023.2.3\jbr\bin\VCRUNTIME140.dll
0x00007ffeb28c0000 - 0x00007ffeb28d7000 	D:\IDEA\IntelliJ IDEA 2023.2.3\jbr\bin\jli.dll
0x00007ffebc0d0000 - 0x00007ffebc26e000 	C:\windows\System32\USER32.dll
0x00007ffebae40000 - 0x00007ffebae62000 	C:\windows\System32\win32u.dll
0x00007ffebc340000 - 0x00007ffebc36b000 	C:\windows\System32\GDI32.dll
0x00007ffeba830000 - 0x00007ffeba947000 	C:\windows\System32\gdi32full.dll
0x00007ffebaa50000 - 0x00007ffebaaed000 	C:\windows\System32\msvcp_win.dll
0x00007ffea09c0000 - 0x00007ffea0c5a000 	C:\windows\WinSxS\amd64_microsoft.windows.common-controls_6595b64144ccf1df_6.0.19041.3636_none_60b6a03d71f818d5\COMCTL32.dll
0x00007ffe8c280000 - 0x00007ffe8c2a8000 	C:\Program Files (x86)\Qianxin\Tianqing\hookbase\x64\VCOMP140.DLL
0x00007ffebc300000 - 0x00007ffebc332000 	C:\windows\System32\IMM32.DLL
0x00007ffeb62a0000 - 0x00007ffeb62ac000 	D:\IDEA\IntelliJ IDEA 2023.2.3\jbr\bin\vcruntime140_1.dll
0x00007ffe9c160000 - 0x00007ffe9c1ed000 	D:\IDEA\IntelliJ IDEA 2023.2.3\jbr\bin\msvcp140.dll
0x00007ffe46a80000 - 0x00007ffe47703000 	D:\IDEA\IntelliJ IDEA 2023.2.3\jbr\bin\server\jvm.dll
0x00007ffeb2cf0000 - 0x00007ffeb2cfa000 	C:\windows\SYSTEM32\VERSION.dll
0x00007ffe99470000 - 0x00007ffe99497000 	C:\windows\SYSTEM32\WINMM.dll
0x00007ffeba690000 - 0x00007ffeba6db000 	C:\windows\SYSTEM32\POWRPROF.dll
0x00007ffeb4930000 - 0x00007ffeb4939000 	C:\windows\SYSTEM32\WSOCK32.dll
0x00007ffebcf70000 - 0x00007ffebcfdb000 	C:\windows\System32\WS2_32.dll
0x00007ffeba670000 - 0x00007ffeba682000 	C:\windows\SYSTEM32\UMPDC.dll
0x00007ffeb90a0000 - 0x00007ffeb90b2000 	C:\windows\SYSTEM32\kernel.appcore.dll
0x00007ffeb4920000 - 0x00007ffeb492a000 	D:\IDEA\IntelliJ IDEA 2023.2.3\jbr\bin\jimage.dll
0x00007ffeb85d0000 - 0x00007ffeb87b4000 	C:\windows\SYSTEM32\DBGHELP.DLL
0x00007ffe99870000 - 0x00007ffe998a4000 	C:\windows\SYSTEM32\dbgcore.DLL
0x00007ffeba950000 - 0x00007ffeba9d2000 	C:\windows\System32\bcryptPrimitives.dll
0x00007ffe989d0000 - 0x00007ffe989f5000 	D:\IDEA\IntelliJ IDEA 2023.2.3\jbr\bin\java.dll

dbghelp: loaded successfully - version: 4.0.5 - missing functions: none
symbol engine: initialized successfully - sym options: 0x614 - pdb path: .;D:\IDEA\IntelliJ IDEA 2023.2.3\jbr\bin;C:\windows\SYSTEM32;C:\windows\WinSxS\amd64_microsoft.windows.common-controls_6595b64144ccf1df_6.0.19041.3636_none_60b6a03d71f818d5;C:\Program Files (x86)\Qianxin\Tianqing\hookbase\x64;D:\IDEA\IntelliJ IDEA 2023.2.3\jbr\bin\server

VM Arguments:
java_command: git4idea.http.GitAskPassApp Username for 'https://github.com': 
java_class_path (initial): D:/IDEA/IntelliJ IDEA 2023.2.3/plugins/vcs-git/lib/git4idea-rt.jar;D:/IDEA/IntelliJ IDEA 2023.2.3/lib/externalProcess-rt.jar
Launcher Type: SUN_STANDARD

[Global flags]
     intx CICompilerCount                          = 4                                         {product} {ergonomic}
     uint ConcGCThreads                            = 2                                         {product} {ergonomic}
     uint G1ConcRefinementThreads                  = 8                                         {product} {ergonomic}
   size_t G1HeapRegionSize                         = 1048576                                   {product} {ergonomic}
    uintx GCDrainStackTargetSize                   = 64                                        {product} {ergonomic}
   size_t InitialHeapSize                          = 132120576                                 {product} {ergonomic}
   size_t MarkStackSize                            = 4194304                                   {product} {ergonomic}
   size_t MaxHeapSize                              = 2113929216                                {product} {ergonomic}
   size_t MinHeapDeltaBytes                        = 1048576                                   {product} {ergonomic}
   size_t MinHeapSize                              = 8388608                                   {product} {ergonomic}
    uintx NonNMethodCodeHeapSize                   = 5839372                                {pd product} {ergonomic}
    uintx NonProfiledCodeHeapSize                  = 122909434                              {pd product} {ergonomic}
    uintx ProfiledCodeHeapSize                     = 122909434                              {pd product} {ergonomic}
    uintx ReservedCodeCacheSize                    = 251658240                              {pd product} {ergonomic}
     bool SegmentedCodeCache                       = true                                      {product} {ergonomic}
   size_t SoftMaxHeapSize                          = 2113929216                             {manageable} {ergonomic}
     bool UseCompressedClassPointers               = true                           {product lp64_product} {ergonomic}
     bool UseCompressedOops                        = true                           {product lp64_product} {ergonomic}
     bool UseG1GC                                  = true                                      {product} {ergonomic}
     bool UseLargePagesIndividualAllocation        = false                                  {pd product} {ergonomic}

Logging:
Log output configuration:
 #0: stdout all=warning uptime,level,tags
 #1: stderr all=off uptime,level,tags

Environment Variables:
PATH=C:/Program Files/Git/mingw64/libexec/git-core;C:/Program Files/Git/mingw64/libexec/git-core;C:\Program Files\Git\mingw64\bin;C:\Program Files\Git\usr\bin;C:\Users\Administrator\bin;C:\Program Files\MongoDB\Server\7.0\mongosh-2.2.2-win32-x64\bin;C:\Python312\Scripts\;C:\Python312\;%JAVA_HOME%\bin;%JAVA_HOME%\jre\bin;C:\Program Files (x86)\Common Files\Oracle\Java\javapath;C:\windows\system32;C:\windows;C:\windows\System32\Wbem;C:\windows\System32\WindowsPowerShell\v1.0\;C:\windows\System32\OpenSSH\;C:\Program Files (x86)\Intel\Intel(R) Management Engine Components\DAL;C:\Program Files\Intel\Intel(R) Management Engine Components\DAL;C:\Program Files\Git\cmd;D:\maven\apache-maven-3.6.3\bin;C:\ProgramData\chocolatey\bin;D:\Node\node_global\node_modules;D:\Node\;D:\python\Scripts\;D:\python\;C:\Users\Administrator\AppData\Local\Microsoft\WindowsApps;D:\VScode\Microsoft VS Code\bin;D:\Node\node_global;C:\Users\Administrator\AppData\Roaming\npm
USERNAME=Administrator
DISPLAY=:0.0
LC_ALL=en_US.UTF-8
TERM=xterm-256color
TMPDIR=C:\Users\ADMINI~1\AppData\Local\Temp
OS=Windows_NT
PROCESSOR_IDENTIFIER=Intel64 Family 6 Model 142 Stepping 12, GenuineIntel
TMP=C:\Users\ADMINI~1\AppData\Local\Temp
TEMP=C:\Users\ADMINI~1\AppData\Local\Temp


JNI global refs:
JNI global refs: 0, weak refs: 0

JNI global refs memory usage: 0, weak refs: 0

OOME stack traces (most recent first):
Classloader memory used:


---------------  S Y S T E M  ---------------

OS:
 Windows 10 , 64 bit Build 19041 (10.0.19041.3636)
OS uptime: 1 days 5:41 hours

CPU: total 8 (initial active 8) (4 cores per cpu, 2 threads per core) family 6 model 142 stepping 12 microcode 0xf8, cx8, cmov, fxsr, ht, mmx, 3dnowpref, sse, sse2, sse3, ssse3, sse4.1, sse4.2, popcnt, lzcnt, tsc, tscinvbit, avx, avx2, aes, erms, clmul, bmi1, bmi2, adx, fma, vzeroupper, clflush, clflushopt
Processor Information for all 8 processors :
  Max Mhz: 1800, Current Mhz: 1600, Mhz Limit: 1584

Memory: 4k page, system-wide physical 8062M (379M free)
TotalPageFile size 25726M (AvailPageFile size 71M)
current process WorkingSet (physical memory assigned to process): 10M, peak: 10M
current process commit charge ("private bytes"): 60M, peak: 186M

vm_info: OpenJDK 64-Bit Server VM (17.0.8.1+7-b1000.32) for windows-amd64 JRE (17.0.8.1+7-b1000.32), built on 2023-09-15 by "builduser" with MS VC++ 16.10 / 16.11 (VS2019)

END.
